<?xml version="1.0" encoding="utf-8"?><testsuites name="pytest tests"><testsuite name="pytest" errors="0" failures="0" skipped="0" tests="13" time="1.464" timestamp="2026-06-29T06:42:13.237270+00:00" hostname="agent-env-bea250ef-cff9-4930-a8f7-9897c4a847ba"><testcase classname="tests.test_daily_summary_and_csv.TestDailySummaryEndpoint" name="test_get_daily_summary_default_yesterday" time="0.216" /><testcase classname="tests.test_daily_summary_and_csv.TestDailySummaryEndpoint" name="test_get_daily_summary_specific_date" time="0.141" /><testcase classname="tests.test_daily_summary_and_csv.TestDailySummaryEndpoint" name="test_get_daily_summary_bad_date" time="0.095" /><testcase classname="tests.test_daily_summary_and_csv.TestDailySummaryEndpoint" name="test_post_test_daily_summary_no_creds" time="0.096" /><testcase classname="tests.test_daily_summary_and_csv.TestFormatDailySummaryMsg" name="test_format_with_trades" time="0.000" /><testcase classname="tests.test_daily_summary_and_csv.TestFormatDailySummaryMsg" name="test_format_no_trades" time="0.000" /><testcase classname="tests.test_daily_summary_and_csv.TestExportTradesCsv" name="test_csv_headers_and_disposition" time="0.091" /><testcase classname="tests.test_daily_summary_and_csv.TestExportTradesCsv" name="test_csv_rows_match_trades" time="0.235" /><testcase classname="tests.test_daily_summary_and_csv.TestCsvAfterReset" name="test_csv_after_reset_has_only_header" time="0.189" /><testcase classname="tests.test_daily_summary_and_csv.TestBackgroundTaskRegistered" name="test_backend_logs_show_tasks_started" time="0.011" /><testcase classname="tests.test_daily_summary_and_csv.TestBackgroundTaskRegistered" name="test_no_unhandled_daily_summary_errors" time="0.010" /><testcase classname="tests.test_daily_summary_and_csv" name="test_aggregation_correctness" time="0.106" /><testcase classname="tests.test_daily_summary_and_csv" name="test_aggregation_isolated_clean_day" time="0.099" /></testsuite></testsuites>