<?xml version="1.0" encoding="utf-8"?><testsuites name="pytest tests"><testsuite name="pytest" errors="0" failures="0" skipped="0" tests="15" time="1.931" timestamp="2026-06-29T19:02:41.988605+00:00" hostname="agent-env-bea250ef-cff9-4930-a8f7-9897c4a847ba"><testcase classname="tests.test_defensive_features.TestNotifierFormatters" name="test_drift_alert_msg" time="0.046" /><testcase classname="tests.test_defensive_features.TestPreflightBalanceCheck" name="test_preflight_skipped_no_keys" time="0.297" /><testcase classname="tests.test_defensive_features.TestNotifierFormatters" name="test_partial_trade_alert_msg" time="0.000" /><testcase classname="tests.test_defensive_features.TestNotifierFormatters" name="test_partial_trade_alert_reversed" time="0.000" /><testcase classname="tests.test_defensive_features.TestInventoryBaselineAndDrift" name="test_reset_baseline_empty_when_no_keys" time="0.782" /><testcase classname="tests.test_defensive_features.TestPreflightBalanceCheck" name="test_preflight_zero_prices_returns_true" time="0.000" /><testcase classname="tests.test_defensive_features.TestPreflightBalanceCheck" name="test_preflight_insufficient_usdt_cex_buy" time="0.001" /><testcase classname="tests.test_defensive_features.TestPreflightBalanceCheck" name="test_preflight_insufficient_sol_gas" time="0.001" /><testcase classname="tests.test_defensive_features.TestPreflightBalanceCheck" name="test_preflight_insufficient_coin_on_sell_side" time="0.000" /><testcase classname="tests.test_defensive_features.TestSettingsPersistence" name="test_settings_round_trip_new_fields" time="0.972" /><testcase classname="tests.test_defensive_features.TestInventoryBaselineAndDrift" name="test_inventory_drift_no_keys" time="0.198" /><testcase classname="tests.test_defensive_features.TestComputeDrift" name="test_drift_math" time="0.246" /><testcase classname="tests.test_defensive_features.TestJupiterRetrySource" name="test_retry_loop_structure" time="0.003" /><testcase classname="tests.test_defensive_features.TestDriftStatus" name="test_drift_exceeded_status_via_seeded_baseline" time="0.228" /><testcase classname="tests.test_defensive_features.TestComputeDrift" name="test_drift_zero_baseline" time="0.000" /></testsuite></testsuites>