<?xml version="1.0" encoding="utf-8"?><testsuites name="pytest tests"><testsuite name="pytest" errors="0" failures="0" skipped="0" tests="4" time="37.541" timestamp="2026-06-28T13:39:05.678469+00:00" hostname="agent-env-bea250ef-cff9-4930-a8f7-9897c4a847ba"><testcase classname="tests.test_iteration3_fixes" name="test_bug1_empty_enabled_coins_returns_no_opps" time="1.371" /><testcase classname="tests.test_iteration3_fixes" name="test_bug2_max_daily_trades_cap" time="17.357" /><testcase classname="tests.test_iteration3_fixes" name="test_bug2b_daily_loss_limit" time="18.544" /><testcase classname="tests.test_iteration3_fixes" name="test_regression_endpoints" time="0.198" /></testsuite></testsuites>