<?xml version="1.0" encoding="utf-8"?><testsuites name="pytest tests"><testsuite name="pytest" errors="0" failures="0" skipped="0" tests="9" time="1.280" timestamp="2026-06-29T07:40:19.681949+00:00" hostname="agent-env-bea250ef-cff9-4930-a8f7-9897c4a847ba"><testcase classname="tests.test_opp_log_and_backtest.TestBacktestValidation" name="test_empty_configs_400" time="0.228" /><testcase classname="tests.test_opp_log_and_backtest.TestBacktestCorrectness" name="test_seeded_backtest" time="0.207" /><testcase classname="tests.test_opp_log_and_backtest.TestBacktestCorrectness" name="test_date_range_filter" time="0.092" /><testcase classname="tests.test_opp_log_and_backtest.TestBacktestValidation" name="test_more_than_5_configs_400" time="0.043" /><testcase classname="tests.test_opp_log_and_backtest.TestBacktestValidation" name="test_bad_iso_date_400" time="0.039" /><testcase classname="tests.test_opp_log_and_backtest.TestOpportunityLogStats" name="test_stats_shape" time="0.041" /><testcase classname="tests.test_opp_log_and_backtest.TestBacktestEmptyDataset" name="test_empty_dataset_after_clear" time="0.082" /><testcase classname="tests.test_opp_log_and_backtest.TestClearOpportunityLog" name="test_clear_returns_status_and_zeroes_count" time="0.080" /><testcase classname="tests.test_opp_log_and_backtest.TestTTLIndex" name="test_ttl_index_exists" time="0.007" /></testsuite></testsuites>