<?xml version="1.0" encoding="utf-8"?><testsuites name="pytest tests"><testsuite name="pytest" errors="0" failures="0" skipped="0" tests="10" time="4.026" timestamp="2026-06-29T06:16:48.999605+00:00" hostname="agent-env-bea250ef-cff9-4930-a8f7-9897c4a847ba"><testcase classname="tests.test_bot_toggle_and_balance.TestBotEnabledToggle" name="test_stats_has_bot_enabled_field" time="0.127" /><testcase classname="tests.test_bot_toggle_and_balance.TestBotEnabledToggle" name="test_settings_has_bot_enabled" time="0.048" /><testcase classname="tests.test_bot_toggle_and_balance.TestBotEnabledToggle" name="test_toggle_bot_enabled_off_then_on" time="1.224" /><testcase classname="tests.test_bot_toggle_and_balance.TestExecuteRespectsBotEnabled" name="test_execute_blocked_when_bot_off" time="0.585" /><testcase classname="tests.test_bot_toggle_and_balance.TestExecuteRespectsBotEnabled" name="test_execute_when_bot_on" time="0.629" /><testcase classname="tests.test_bot_toggle_and_balance.TestResetStats" name="test_reset_clears_history" time="1.258" /><testcase classname="tests.test_bot_toggle_and_balance.TestTestBalanceTelegram" name="test_returns_400_without_creds" time="0.041" /><testcase classname="tests.test_bot_toggle_and_balance.TestNotifierFormatters" name="test_format_trade_msg_includes_profit_and_pct" time="0.043" /><testcase classname="tests.test_bot_toggle_and_balance.TestNotifierFormatters" name="test_format_balance_msg_with_status_and_prices" time="0.000" /><testcase classname="tests.test_bot_toggle_and_balance.TestBackgroundTask" name="test_background_tasks_started_log" time="0.012" /></testsuite></testsuites>