<?xml version="1.0" encoding="utf-8"?><testsuites name="pytest tests"><testsuite name="pytest" errors="0" failures="0" skipped="0" tests="12" time="36.559" timestamp="2026-06-28T13:37:45.619370+00:00" hostname="agent-env-bea250ef-cff9-4930-a8f7-9897c4a847ba"><testcase classname="tests.test_p1p2_enhancements.TestNewSettingsFields" name="test_settings_exposes_new_fields" time="0.179" /><testcase classname="tests.test_p1p2_enhancements.TestStatsNewFields" name="test_stats_has_ws_and_daily" time="0.051" /><testcase classname="tests.test_p1p2_enhancements.TestStatsNewFields" name="test_ws_connected_becomes_true" time="0.044" /><testcase classname="tests.test_p1p2_enhancements.TestProfitSeries" name="test_profit_series_endpoint_exists" time="0.046" /><testcase classname="tests.test_p1p2_enhancements.TestProfitSeries" name="test_profit_series_grows_after_execute" time="0.234" /><testcase classname="tests.test_p1p2_enhancements.TestEnabledCoinsFilter" name="test_filter_to_3_coins" time="5.134" /><testcase classname="tests.test_p1p2_enhancements.TestEnabledCoinsFilter" name="test_empty_enabled_coins_returns_no_opps" time="5.219" /><testcase classname="tests.test_p1p2_enhancements.TestRiskCaps" name="test_risk_caps_persist" time="0.087" /><testcase classname="tests.test_p1p2_enhancements.TestRiskCaps" name="test_max_daily_trades_cap_enforced" time="10.226" /><testcase classname="tests.test_p1p2_enhancements.TestRiskCaps" name="test_daily_pnl_reflects_today_trades" time="0.046" /><testcase classname="tests.test_p1p2_enhancements.TestWsPriceFreshness" name="test_prices_present_and_change" time="15.095" /><testcase classname="tests.test_p1p2_enhancements" name="test_zz_final_reset" time="0.132" /></testsuite></testsuites>