<?xml version="1.0" encoding="utf-8"?><testsuites name="pytest tests"><testsuite name="pytest" errors="0" failures="0" skipped="0" tests="18" time="14.060" timestamp="2026-06-28T08:55:18.873222+00:00" hostname="agent-env-bea250ef-cff9-4930-a8f7-9897c4a847ba"><testcase classname="tests.test_arbitrage_api.TestBasics" name="test_root" time="0.166" /><testcase classname="tests.test_arbitrage_api.TestBasics" name="test_coins" time="0.041" /><testcase classname="tests.test_arbitrage_api.TestPrices" name="test_prices_structure" time="0.124" /><testcase classname="tests.test_arbitrage_api.TestPrices" name="test_prices_have_some_data" time="0.040" /><testcase classname="tests.test_arbitrage_api.TestOpportunities" name="test_opportunities_structure" time="0.049" /><testcase classname="tests.test_arbitrage_api.TestOpportunities" name="test_opportunities_sorted_desc" time="0.042" /><testcase classname="tests.test_arbitrage_api.TestStatsTrades" name="test_stats" time="0.046" /><testcase classname="tests.test_arbitrage_api.TestStatsTrades" name="test_trades_list" time="0.046" /><testcase classname="tests.test_arbitrage_api.TestSettings" name="test_get_settings_defaults" time="0.040" /><testcase classname="tests.test_arbitrage_api.TestSettings" name="test_partial_update_settings" time="0.087" /><testcase classname="tests.test_arbitrage_api.TestSettings" name="test_credentials_encrypted_and_masked" time="0.163" /><testcase classname="tests.test_arbitrage_api.TestSettings" name="test_paper_mode_toggle" time="0.166" /><testcase classname="tests.test_arbitrage_api.TestExecute" name="test_execute_invalid_opp" time="0.041" /><testcase classname="tests.test_arbitrage_api.TestExecute" name="test_execute_paper_trade" time="0.265" /><testcase classname="tests.test_arbitrage_api.TestExecute" name="test_execute_live_without_keys_returns_400" time="0.256" /><testcase classname="tests.test_arbitrage_api.TestTelegram" name="test_telegram_without_creds_400" time="0.084" /><testcase classname="tests.test_arbitrage_api.TestAutoExec" name="test_auto_exec_fires_trades" time="12.249" /><testcase classname="tests.test_arbitrage_api" name="test_zz_reset_defaults" time="0.084" /></testsuite></testsuites>